0 info it worked if it ends with ok
1 verbose cli [ '/Users/smebberson/.nvm/v0.8.23/bin/node',
1 verbose cli   '/Users/smebberson/.nvm/v0.8.23/bin/npm',
1 verbose cli   'install',
1 verbose cli   'wintersmith-jade' ]
2 info using npm@1.2.18
3 info using node@v0.8.23
4 verbose read json /Library/WebServer/scottmebberson/app/package.json
5 warn package.json scottmebberson.com@0.1.0 No README.md file found!
6 verbose read json /Library/WebServer/scottmebberson/app/node_modules/express/package.json
7 verbose read json /Library/WebServer/scottmebberson/app/node_modules/jade/package.json
8 verbose read json /Library/WebServer/scottmebberson/app/node_modules/wintersmith/package.json
9 verbose read json /Library/WebServer/scottmebberson/app/node_modules/wintersmith-sass/package.json
10 verbose from cache /Library/WebServer/scottmebberson/app/package.json
11 verbose readDependencies using package.json deps
12 verbose cache add [ 'wintersmith-jade', null ]
13 verbose cache add name=undefined spec="wintersmith-jade" args=["wintersmith-jade",null]
14 verbose parsed url { pathname: 'wintersmith-jade',
14 verbose parsed url   path: 'wintersmith-jade',
14 verbose parsed url   href: 'wintersmith-jade' }
15 silly lockFile 5dad34e9-wintersmith-jade wintersmith-jade
16 verbose lock wintersmith-jade /Users/smebberson/.npm/5dad34e9-wintersmith-jade.lock
17 silly lockFile 5dad34e9-wintersmith-jade wintersmith-jade
18 silly lockFile 5dad34e9-wintersmith-jade wintersmith-jade
19 verbose addNamed [ 'wintersmith-jade', '' ]
20 verbose addNamed [ null, '' ]
21 silly lockFile 401455a1-wintersmith-jade wintersmith-jade@
22 verbose lock wintersmith-jade@ /Users/smebberson/.npm/401455a1-wintersmith-jade.lock
23 silly addNameRange { name: 'wintersmith-jade', range: '', hasData: false }
24 verbose url raw wintersmith-jade
25 verbose url resolving [ 'https://registry.npmjs.org/', './wintersmith-jade' ]
26 verbose url resolved https://registry.npmjs.org/wintersmith-jade
27 info trying registry request attempt 1 at 12:20:29
28 http GET https://registry.npmjs.org/wintersmith-jade
29 http 404 https://registry.npmjs.org/wintersmith-jade
30 silly registry.get cb [ 404,
30 silly registry.get   { server: 'CouchDB/1.3.0 (Erlang OTP/R15B03)',
30 silly registry.get     date: 'Mon, 27 May 2013 02:50:32 GMT',
30 silly registry.get     'content-type': 'application/json',
30 silly registry.get     'content-length': '52',
30 silly registry.get     'cache-control': 'must-revalidate' } ]
31 silly lockFile 401455a1-wintersmith-jade wintersmith-jade@
32 silly lockFile 401455a1-wintersmith-jade wintersmith-jade@
33 error 404 'wintersmith-jade' is not in the npm registry.
33 error 404 You should bug the author to publish it
33 error 404
33 error 404 Note that you can also install from a
33 error 404 tarball, folder, or http url, or git url.
34 error System Darwin 12.2.0
35 error command "/Users/smebberson/.nvm/v0.8.23/bin/node" "/Users/smebberson/.nvm/v0.8.23/bin/npm" "install" "wintersmith-jade"
36 error cwd /Library/WebServer/scottmebberson/app
37 error node -v v0.8.23
38 error npm -v 1.2.18
39 error code E404
40 verbose exit [ 1, true ]
